TN:
SF:bll\src\index.ts
FNF:0
FNH:0
DA:1,1
DA:2,1
DA:3,1
DA:4,1
DA:5,1
DA:6,1
DA:7,1
DA:8,1
DA:9,1
LF:9
LH:9
BRF:0
BRH:0
end_of_record
TN:
SF:bll\src\models\booking.ts
FN:12,Booking
FNF:1
FNH:1
FNDA:2,Booking
DA:1,1
DA:2,1
DA:3,1
DA:4,1
DA:5,1
DA:6,1
DA:7,1
DA:8,1
DA:9,1
DA:10,1
DA:11,1
DA:12,1
DA:13,2
DA:14,2
DA:15,2
DA:16,2
DA:17,1
LF:17
LH:17
BRDA:12,0,0,2
BRF:1
BRH:1
end_of_record
TN:
SF:bll\src\models\seat.ts
FN:14,Seat
FNF:1
FNH:1
FNDA:7,Seat
DA:1,1
DA:2,1
DA:3,1
DA:4,1
DA:5,1
DA:6,1
DA:7,1
DA:8,1
DA:9,1
DA:10,1
DA:11,1
DA:12,1
DA:13,1
DA:14,1
DA:15,7
DA:16,7
DA:17,7
DA:18,7
DA:19,1
LF:19
LH:19
BRDA:14,0,0,7
BRF:1
BRH:1
end_of_record
TN:
SF:bll\src\models\train.ts
FN:16,Train
FN:23,generateID
FNF:2
FNH:1
FNDA:12,Train
FNDA:0,generateID
DA:1,1
DA:2,1
DA:3,1
DA:4,1
DA:5,1
DA:6,1
DA:7,1
DA:8,1
DA:9,1
DA:10,1
DA:11,1
DA:12,1
DA:13,1
DA:14,1
DA:15,1
DA:16,1
DA:17,12
DA:18,12
DA:19,12
DA:20,12
DA:21,12
DA:22,1
DA:23,1
DA:24,0
DA:25,0
DA:26,1
LF:26
LH:24
BRDA:16,0,0,12
BRDA:17,1,0,0
BRF:2
BRH:1
end_of_record
TN:
SF:bll\src\models\wagons.ts
FN:15,Wagon
FNF:1
FNH:1
FNDA:7,Wagon
DA:1,1
DA:2,1
DA:3,1
DA:4,1
DA:5,1
DA:6,1
DA:7,1
DA:8,1
DA:9,1
DA:10,1
DA:11,1
DA:12,1
DA:13,1
DA:14,1
DA:15,1
DA:16,7
DA:17,7
DA:18,7
DA:19,7
DA:20,1
LF:20
LH:20
BRDA:15,0,0,7
BRF:1
BRH:1
end_of_record
TN:
SF:bll\src\services\bookingService.ts
FN:12,BookingService
FN:17,addBooking
FN:44,removeBooking
FN:74,updateBooking
FN:103,findBookings
FN:128,loadBookings
FN:144,seatFindById
FN:153,generateDateString
FN:171,generateBookingID
FN:189,updateBookingID
FNF:10
FNH:0
FNDA:0,BookingService
FNDA:0,addBooking
FNDA:0,removeBooking
FNDA:0,updateBooking
FNDA:0,findBookings
FNDA:0,loadBookings
FNDA:0,seatFindById
FNDA:0,generateDateString
FNDA:0,generateBookingID
FNDA:0,updateBookingID
DA:1,1
DA:2,1
DA:3,1
DA:4,1
DA:5,1
DA:6,1
DA:7,1
DA:8,1
DA:9,1
DA:10,1
DA:11,1
DA:12,1
DA:13,0
DA:14,0
DA:15,0
DA:16,1
DA:17,1
DA:18,0
DA:19,0
DA:20,0
DA:21,0
DA:22,0
DA:23,0
DA:24,0
DA:25,0
DA:26,0
DA:27,0
DA:28,0
DA:29,0
DA:30,0
DA:31,0
DA:32,0
DA:33,0
DA:34,0
DA:35,0
DA:36,0
DA:37,0
DA:38,0
DA:39,0
DA:40,0
DA:41,0
DA:42,0
DA:43,1
DA:44,1
DA:45,0
DA:46,0
DA:47,0
DA:48,0
DA:49,0
DA:50,0
DA:51,0
DA:52,0
DA:53,0
DA:54,0
DA:55,0
DA:56,0
DA:57,0
DA:58,0
DA:59,0
DA:60,0
DA:61,0
DA:62,0
DA:63,0
DA:64,0
DA:65,0
DA:66,0
DA:67,0
DA:68,0
DA:69,0
DA:70,0
DA:71,0
DA:72,0
DA:73,1
DA:74,1
DA:75,0
DA:76,0
DA:77,0
DA:78,0
DA:79,0
DA:80,0
DA:81,0
DA:82,0
DA:83,0
DA:84,0
DA:85,0
DA:86,0
DA:87,0
DA:88,0
DA:89,0
DA:90,0
DA:91,0
DA:92,0
DA:93,0
DA:94,0
DA:95,0
DA:96,0
DA:97,0
DA:98,0
DA:99,0
DA:100,0
DA:101,0
DA:102,1
DA:103,1
DA:104,0
DA:105,0
DA:106,0
DA:107,0
DA:108,0
DA:109,0
DA:110,0
DA:111,0
DA:112,0
DA:113,0
DA:114,0
DA:115,0
DA:116,0
DA:117,0
DA:118,0
DA:119,0
DA:120,0
DA:121,0
DA:122,0
DA:123,0
DA:124,0
DA:125,0
DA:126,0
DA:127,1
DA:128,1
DA:129,0
DA:130,0
DA:131,0
DA:132,0
DA:133,0
DA:134,0
DA:135,0
DA:136,0
DA:137,0
DA:138,0
DA:139,0
DA:140,0
DA:141,0
DA:142,0
DA:143,1
DA:144,1
DA:145,0
DA:146,0
DA:147,0
DA:148,0
DA:149,0
DA:150,0
DA:151,0
DA:152,1
DA:153,1
DA:154,0
DA:155,0
DA:156,0
DA:157,0
DA:158,0
DA:159,0
DA:160,0
DA:161,0
DA:162,0
DA:163,0
DA:164,0
DA:165,0
DA:166,0
DA:167,0
DA:168,0
DA:169,0
DA:170,1
DA:171,1
DA:172,0
DA:173,0
DA:174,0
DA:175,0
DA:176,0
DA:177,0
DA:178,0
DA:179,0
DA:180,0
DA:181,0
DA:182,0
DA:183,0
DA:184,0
DA:185,0
DA:186,0
DA:187,0
DA:188,1
DA:189,1
DA:190,0
DA:191,0
DA:192,0
DA:193,0
DA:194,0
DA:195,0
DA:196,0
DA:197,0
DA:198,0
DA:199,0
DA:200,0
DA:201,1
DA:202,1
DA:203,1
LF:203
LH:33
BRF:0
BRH:0
end_of_record
TN:
SF:bll\src\services\searchHelper.ts
FN:2,validateSearchInput
FNF:1
FNH:0
FNDA:0,validateSearchInput
DA:1,1
DA:2,1
DA:3,0
DA:4,0
DA:5,0
DA:6,0
DA:7,0
DA:8,0
DA:9,0
DA:10,0
DA:11,0
DA:12,0
DA:13,0
DA:14,0
DA:15,0
DA:16,1
DA:17,1
DA:18,1
LF:18
LH:5
BRF:0
BRH:0
end_of_record
TN:
SF:bll\src\services\trainService.ts
FN:12,TrainService
FN:16,load
FN:47,save
FN:76,create
FN:84,delete
FN:92,deleteSpecific
FN:111,generateID
FN:118,findByID
FN:131,updateTrain
FNF:9
FNH:8
FNDA:6,TrainService
FNDA:8,load
FNDA:5,save
FNDA:6,create
FNDA:0,delete
FNDA:2,deleteSpecific
FNDA:5,generateID
FNDA:2,findByID
FNDA:1,updateTrain
DA:1,1
DA:2,1
DA:3,1
DA:4,1
DA:5,1
DA:6,1
DA:7,1
DA:8,1
DA:9,1
DA:10,1
DA:11,1
DA:12,1
DA:13,6
DA:14,6
DA:15,1
DA:16,1
DA:17,8
DA:18,8
DA:19,8
DA:20,6
DA:21,4
DA:22,4
DA:23,4
DA:24,4
DA:25,4
DA:26,4
DA:27,4
DA:28,4
DA:29,4
DA:30,1
DA:31,1
DA:32,1
DA:33,1
DA:34,1
DA:35,4
DA:36,4
DA:37,4
DA:38,4
DA:39,4
DA:40,4
DA:41,6
DA:42,6
DA:43,6
DA:44,8
DA:45,8
DA:46,1
DA:47,1
DA:48,5
DA:49,5
DA:50,5
DA:51,5
DA:52,5
DA:53,5
DA:54,5
DA:55,3
DA:56,3
DA:57,3
DA:58,3
DA:59,3
DA:60,3
DA:61,3
DA:62,3
DA:63,1
DA:64,1
DA:65,1
DA:66,3
DA:67,3
DA:68,3
DA:69,3
DA:70,5
DA:71,5
DA:72,5
DA:73,5
DA:74,5
DA:75,1
DA:76,1
DA:77,6
DA:78,6
DA:79,6
DA:80,0
DA:81,0
DA:82,6
DA:83,1
DA:84,1
DA:85,0
DA:86,0
DA:87,0
DA:88,0
DA:89,0
DA:90,0
DA:91,1
DA:92,1
DA:93,2
DA:94,2
DA:95,2
DA:96,2
DA:97,2
DA:98,2
DA:99,2
DA:100,2
DA:101,2
DA:102,1
DA:103,1
DA:104,1
DA:105,2
DA:106,1
DA:107,1
DA:108,1
DA:109,1
DA:110,1
DA:111,1
DA:112,5
DA:113,5
DA:114,5
DA:115,5
DA:116,5
DA:117,1
DA:118,1
DA:119,2
DA:120,2
DA:121,2
DA:122,2
DA:123,2
DA:124,2
DA:125,2
DA:126,1
DA:127,1
DA:128,1
DA:129,1
DA:130,1
DA:131,1
DA:132,1
DA:133,1
DA:134,1
DA:135,1
DA:136,1
DA:137,1
DA:138,1
DA:139,1
DA:140,1
LF:140
LH:132
BRDA:12,0,0,6
BRDA:16,1,0,8
BRDA:19,2,0,6
BRDA:20,3,0,0
BRDA:20,4,0,4
BRDA:21,5,0,0
BRDA:22,6,0,4
BRDA:37,7,0,0
BRDA:29,8,0,1
BRDA:47,9,0,5
BRDA:48,10,0,0
BRDA:72,11,0,0
BRDA:54,12,0,3
BRDA:57,13,0,3
BRDA:68,14,0,0
BRDA:62,15,0,1
BRDA:76,16,0,6
BRDA:79,17,0,0
BRDA:92,18,0,2
BRDA:95,19,0,0
BRDA:101,20,0,1
BRDA:105,21,0,0
BRDA:106,22,0,1
BRDA:94,23,0,2
BRDA:97,24,0,2
BRDA:98,25,0,2
BRDA:103,26,0,1
BRDA:111,27,0,5
BRDA:118,28,0,2
BRDA:119,29,0,0
BRDA:125,30,0,1
BRDA:121,31,0,2
BRDA:131,32,0,1
BRDA:134,33,0,0
BRDA:133,34,0,1
BRF:35
BRH:24
end_of_record
TN:
SF:bll\src\services\wagonService.ts
FN:5,addWagon
FN:27,deleteWagon
FN:39,getWagonInfo
FN:57,findById
FNF:4
FNH:0
FNDA:0,addWagon
FNDA:0,deleteWagon
FNDA:0,getWagonInfo
FNDA:0,findById
DA:1,1
DA:2,1
DA:3,1
DA:4,1
DA:5,1
DA:6,0
DA:7,0
DA:8,0
DA:9,0
DA:10,0
DA:11,0
DA:12,0
DA:13,0
DA:14,0
DA:15,0
DA:16,0
DA:17,0
DA:18,0
DA:19,0
DA:20,0
DA:21,0
DA:22,0
DA:23,0
DA:24,0
DA:25,0
DA:26,1
DA:27,1
DA:28,0
DA:29,0
DA:30,0
DA:31,0
DA:32,0
DA:33,0
DA:34,0
DA:35,0
DA:36,0
DA:37,0
DA:38,1
DA:39,1
DA:40,0
DA:41,0
DA:42,0
DA:43,0
DA:44,0
DA:45,0
DA:46,0
DA:47,0
DA:48,0
DA:49,0
DA:50,0
DA:51,0
DA:52,0
DA:53,0
DA:54,0
DA:55,0
DA:56,1
DA:57,1
DA:58,0
DA:59,0
DA:60,0
DA:61,0
DA:62,0
DA:63,1
DA:64,1
DA:65,1
LF:65
LH:14
BRF:0
BRH:0
end_of_record
